2025-08-12T19:47:03: 🚀 Father's MATH сервер запущен на https://localhost:443
2025-08-12T19:47:03: 📁 Корневая директория: /Users/vovkes/lesson1
2025-08-12T19:47:03: 🔒 HTTPS включен
2025-08-12T19:47:03: ⏰ Время запуска: 2025-08-12T16:47:03.750Z
2025-08-12T19:47:03: 📊 PM2 Process ID: 29854
2025-08-12T19:48:11: 2025-08-12T16:48:11.197Z - GET /
2025-08-12T19:48:11: 2025-08-12T16:48:11.221Z - GET /logo/logo1blue.png
2025-08-12T19:48:11: 2025-08-12T16:48:11.651Z - GET /favicon.ico
2025-08-12T19:48:20: 2025-08-12T16:48:20.290Z - GET /main.html
2025-08-12T19:48:20: 2025-08-12T16:48:20.332Z - GET /styles.css
2025-08-12T19:48:20: 2025-08-12T16:48:20.387Z - GET /js/model/mathFormulas.js
2025-08-12T19:48:20: 2025-08-12T16:48:20.433Z - GET /js/model/calculator.js
2025-08-12T19:48:20: 2025-08-12T16:48:20.452Z - GET /js/view/uiPanel.js
2025-08-12T19:48:20: 2025-08-12T16:48:20.458Z - GET /js/controller/mainController.js
2025-08-12T19:48:20: 2025-08-12T16:48:20.464Z - GET /js/init.js
2025-08-12T19:48:20: 2025-08-12T16:48:20.471Z - GET /js/model/templateNames.js
2025-08-12T19:48:20: 2025-08-12T16:48:20.472Z - GET /js/model/functionLibrary.js
2025-08-12T19:48:20: 2025-08-12T16:48:20.473Z - GET /js/model/templates.js
2025-08-12T19:48:20: 2025-08-12T16:48:20.476Z - GET /js/view/graphCanvas.js
2025-08-12T19:48:20: 2025-08-12T16:48:20.519Z - GET /js/app.js
2025-08-12T19:48:20: 2025-08-12T16:48:20.519Z - GET /demo.js
2025-08-12T21:10:38: 🚀 Father's MATH сервер запущен на https://localhost:443
2025-08-12T21:10:38: 📁 Корневая директория: /Users/vovkes/father-s-math
2025-08-12T21:10:38: 🔒 HTTPS включен
2025-08-12T21:10:38: ⏰ Время запуска: 2025-08-12T18:10:38.581Z
2025-08-12T21:10:38: 📊 PM2 Process ID: 37880
2025-08-12T21:12:28: 2025-08-12T18:12:28.319Z - GET /
2025-08-12T21:12:28: 2025-08-12T18:12:28.407Z - GET /logo/logo1blue_nobg.png
2025-08-12T21:12:28: 2025-08-12T18:12:28.705Z - GET /logo/sizes/favicon-16x16.png
2025-08-12T21:12:28: 2025-08-12T18:12:28.846Z - GET /logo/sizes/favicon-32x32.png
2025-08-12T21:19:53: 2025-08-12T18:19:53.357Z - GET /
2025-08-12T21:19:53: 2025-08-12T18:19:53.716Z - GET /logo/sizes/favicon-16x16.png
2025-08-12T21:19:53: 2025-08-12T18:19:53.751Z - GET /logo/sizes/favicon-32x32.png
2025-08-12T21:20:03: 2025-08-12T18:20:03.044Z - GET /education.html
2025-08-12T21:20:03: 2025-08-12T18:20:03.079Z - GET /styles.css
2025-08-12T21:20:03: 2025-08-12T18:20:03.098Z - GET /education-styles.css
2025-08-12T21:20:03: 2025-08-12T18:20:03.169Z - GET /js/model/templates.js
2025-08-12T21:20:03: 2025-08-12T18:20:03.222Z - GET /js/aiChat.js
2025-08-12T21:20:03: 2025-08-12T18:20:03.261Z - GET /js/view/graphCanvas.js
2025-08-12T21:20:03: 2025-08-12T18:20:03.261Z - GET /js/view/uiPanel.js
2025-08-12T21:20:03: 2025-08-12T18:20:03.267Z - GET /js/controller/mainController.js
2025-08-12T21:20:03: 2025-08-12T18:20:03.272Z - GET /js/education.js
2025-08-12T21:20:03: 2025-08-12T18:20:03.277Z - GET /js/model/educationDatabase.js
2025-08-12T21:20:03: 2025-08-12T18:20:03.278Z - GET /js/model/templateNames.js
2025-08-12T21:20:03: 2025-08-12T18:20:03.281Z - GET /js/model/functionLibrary.js
2025-08-12T21:20:03: 2025-08-12T18:20:03.282Z - GET /js/model/calculator.js
2025-08-12T21:20:03: 2025-08-12T18:20:03.282Z - GET /js/model/mathFormulas.js
2025-08-12T21:20:20: 2025-08-12T18:20:20.249Z - GET /education.html
2025-08-12T21:20:37: 2025-08-12T18:20:37.190Z - GET /
2025-08-12T21:20:37: 2025-08-12T18:20:37.231Z - GET /logo/logo1blue_nobg.png
2025-08-12T21:20:37: 2025-08-12T18:20:37.546Z - GET /logo/sizes/favicon-16x16.png
